  Ball.cpp
e:\users\formation\source\repos\casse brique\cassebriquebase\ball.cpp(10): warning C4244: 'argument' : conversion de 'time_t' en 'unsigned int', perte possible de données
e:\users\formation\source\repos\casse brique\cassebriquebase\ball.cpp(19): warning C4244: '=' : conversion de 'double' en 'T', perte possible de données
          with
          [
              T=float
          ]
e:\users\formation\source\repos\casse brique\cassebriquebase\ball.cpp(20): warning C4244: '=' : conversion de 'double' en 'T', perte possible de données
          with
          [
              T=float
          ]
e:\users\formation\source\repos\casse brique\cassebriquebase\ball.cpp(25): warning C4244: '=' : conversion de 'int' en 'T', perte possible de données
          with
          [
              T=float
          ]
e:\users\formation\source\repos\casse brique\cassebriquebase\ball.cpp(26): warning C4244: '=' : conversion de 'int' en 'T', perte possible de données
          with
          [
              T=float
          ]
e:\users\formation\source\repos\casse brique\cassebriquebase\ball.cpp(31): warning C4244: 'argument' : conversion de 'int' en 'float', perte possible de données
e:\users\formation\source\repos\casse brique\cassebriquebase\ball.cpp(92): warning C4244: '=' : conversion de 'T' en 'T', perte possible de données
          with
          [
              T=unsigned int
          ]
          and
          [
              T=float
          ]
e:\users\formation\source\repos\casse brique\cassebriquebase\ball.cpp(103): warning C4244: '=' : conversion de 'T' en 'T', perte possible de données
          with
          [
              T=unsigned int
          ]
          and
          [
              T=float
          ]
  TemplateSFML.vcxproj -> E:\Users\formation\source\repos\Casse Brique\CasseBriqueBase\x64\Debug\TemplateSFML.exe
